c:\users\developer\source\repos\boom_dll\release\boom_dll.lib
c:\users\developer\source\repos\boom_dll\release\boom_dll.exp
c:\users\developer\source\repos\boom_dll\release\boom_dll.ipdb
c:\users\developer\source\repos\boom_dll\release\boom_dll.iobj
c:\users\developer\source\repos\boom_dll\release\vc142.pdb
c:\users\developer\source\repos\boom_dll\release\revshell.obj
c:\users\developer\source\repos\boom_dll\release\boom_dll.dll
c:\users\developer\source\repos\boom_dll\release\boom_dll.pdb
c:\users\developer\desktop\malware\nobelium\boom_dll\release\revshell.obj
c:\users\developer\desktop\malware\nobelium\boom_dll\release\boom_dll.ipdb
c:\users\developer\desktop\malware\nobelium\boom_dll\release\boom_dll.iobj
c:\users\developer\desktop\malware\nobelium\boom_dll\release\boom_dll.exp
c:\users\developer\desktop\malware\nobelium\boom_dll\release\boom_dll.pdb
c:\users\developer\desktop\malware\nobelium\boom_dll\release\vc142.pdb
c:\users\developer\desktop\malware\nobelium\boom_dll\release\boom_dll.dll
c:\users\developer\desktop\malware\nobelium\boom_dll\release\boom_dll.tlog\boom_dll.write.1u.tlog
c:\users\developer\desktop\malware\nobelium\boom_dll\release\boom_dll.tlog\cl.command.1.tlog
c:\users\developer\desktop\malware\nobelium\boom_dll\release\boom_dll.tlog\cl.read.1.tlog
c:\users\developer\desktop\malware\nobelium\boom_dll\release\boom_dll.tlog\cl.write.1.tlog
c:\users\developer\desktop\malware\nobelium\boom_dll\release\boom_dll.tlog\link.command.1.tlog
c:\users\developer\desktop\malware\nobelium\boom_dll\release\boom_dll.tlog\link.read.1.tlog
c:\users\developer\desktop\malware\nobelium\boom_dll\release\boom_dll.tlog\link.write.1.tlog
